<?xml version="1.0" encoding="UTF-8"?>
<testsuite name="edu.cmu.cs.cs214.hw4.core.BoardTest" tests="10" skipped="0" failures="0" errors="0" timestamp="2015-03-20T03:22:25" hostname="wuxinyuedeMacBook-Pro.local" time="1.008">
  <properties/>
  <testcase name="testIsConsecutive" classname="edu.cmu.cs.cs214.hw4.core.BoardTest" time="0.219"/>
  <testcase name="testPlaceTile" classname="edu.cmu.cs.cs214.hw4.core.BoardTest" time="0.093"/>
  <testcase name="testIsOnBoard" classname="edu.cmu.cs.cs214.hw4.core.BoardTest" time="0.088"/>
  <testcase name="testIsAdjacentToExistingTile" classname="edu.cmu.cs.cs214.hw4.core.BoardTest" time="0.094"/>
  <testcase name="testIsOccupied" classname="edu.cmu.cs.cs214.hw4.core.BoardTest" time="0.091"/>
  <testcase name="testGetWord" classname="edu.cmu.cs.cs214.hw4.core.BoardTest" time="0.079"/>
  <testcase name="testIsCenter" classname="edu.cmu.cs.cs214.hw4.core.BoardTest" time="0.061"/>
  <testcase name="testIsSpecialValid" classname="edu.cmu.cs.cs214.hw4.core.BoardTest" time="0.113"/>
  <testcase name="testIsEmpty" classname="edu.cmu.cs.cs214.hw4.core.BoardTest" time="0.096"/>
  <testcase name="testConstructor" classname="edu.cmu.cs.cs214.hw4.core.BoardTest" time="0.073"/>
  <system-out><![CDATA[]]></system-out>
  <system-err><![CDATA[]]></system-err>
</testsuite>
