<?xml version="1.0" encoding="UTF-8"?>
<testsuite name="edu.cmu.cs.cs214.hw4.core.MoveTest" tests="1" skipped="0" failures="0" errors="0" timestamp="2015-03-20T03:22:27" hostname="wuxinyuedeMacBook-Pro.local" time="0.0">
  <properties/>
  <testcase name="testCollinear" classname="edu.cmu.cs.cs214.hw4.core.MoveTest" time="0.0"/>
  <system-out><![CDATA[]]></system-out>
  <system-err><![CDATA[]]></system-err>
</testsuite>
