<?xml version="1.0" encoding="UTF-8"?>
<testsuite name="edu.cmu.cs.cs214.hw4.core.DictionaryTest" tests="1" skipped="0" failures="0" errors="0" timestamp="2015-03-20T03:22:26" hostname="wuxinyuedeMacBook-Pro.local" time="0.127">
  <properties/>
  <testcase name="testIsInDictionary" classname="edu.cmu.cs.cs214.hw4.core.DictionaryTest" time="0.127"/>
  <system-out><![CDATA[]]></system-out>
  <system-err><![CDATA[]]></system-err>
</testsuite>
