<?xml version="1.0" encoding="UTF-8"?>
<testsuite name="edu.cmu.cs.cs214.hw4.core.PlayerTest" tests="4" skipped="0" failures="0" errors="0" timestamp="2015-03-20T03:22:27" hostname="wuxinyuedeMacBook-Pro.local" time="0.244">
  <properties/>
  <testcase name="testAddSpecial" classname="edu.cmu.cs.cs214.hw4.core.PlayerTest" time="0.062"/>
  <testcase name="testRefillRack" classname="edu.cmu.cs.cs214.hw4.core.PlayerTest" time="0.06"/>
  <testcase name="testAddLetter" classname="edu.cmu.cs.cs214.hw4.core.PlayerTest" time="0.064"/>
  <testcase name="testRemove" classname="edu.cmu.cs.cs214.hw4.core.PlayerTest" time="0.058"/>
  <system-out><![CDATA[]]></system-out>
  <system-err><![CDATA[]]></system-err>
</testsuite>
